{"C:\\Users\\lnc\\WebstormProjects\\untitled1\\src\\App.js": {"path":"C:\\Users\\lnc\\WebstormProjects\\untitled1\\src\\App.js","statementMap":{"0":{"start":{"line":19,"column":8},"end":{"line":19,"column":35}},"1":{"start":{"line":24,"column":8},"end":{"line":26,"column":9}},"2":{"start":{"line":25,"column":12},"end":{"line":25,"column":30}},"3":{"start":{"line":28,"column":8},"end":{"line":59,"column":10}},"4":{"start":{"line":34,"column":41},"end":{"line":34,"column":64}},"5":{"start":{"line":36,"column":41},"end":{"line":36,"column":56}},"6":{"start":{"line":38,"column":41},"end":{"line":38,"column":58}},"7":{"start":{"line":40,"column":41},"end":{"line":40,"column":49}},"8":{"start":{"line":42,"column":41},"end":{"line":42,"column":60}},"9":{"start":{"line":62,"column":24},"end":{"line":64,"column":2}},"10":{"start":{"line":62,"column":36},"end":{"line":64,"column":1}}},"fnMap":{"0":{"name":"(anonymous_0)","decl":{"start":{"line":18,"column":4},"end":{"line":18,"column":5}},"loc":{"start":{"line":18,"column":24},"end":{"line":20,"column":5}},"line":18},"1":{"name":"(anonymous_1)","decl":{"start":{"line":22,"column":4},"end":{"line":22,"column":5}},"loc":{"start":{"line":22,"column":13},"end":{"line":60,"column":5}},"line":22},"2":{"name":"(anonymous_2)","decl":{"start":{"line":34,"column":35},"end":{"line":34,"column":36}},"loc":{"start":{"line":34,"column":41},"end":{"line":34,"column":64}},"line":34},"3":{"name":"(anonymous_3)","decl":{"start":{"line":36,"column":35},"end":{"line":36,"column":36}},"loc":{"start":{"line":36,"column":41},"end":{"line":36,"column":56}},"line":36},"4":{"name":"(anonymous_4)","decl":{"start":{"line":38,"column":35},"end":{"line":38,"column":36}},"loc":{"start":{"line":38,"column":41},"end":{"line":38,"column":58}},"line":38},"5":{"name":"(anonymous_5)","decl":{"start":{"line":40,"column":35},"end":{"line":40,"column":36}},"loc":{"start":{"line":40,"column":41},"end":{"line":40,"column":49}},"line":40},"6":{"name":"(anonymous_6)","decl":{"start":{"line":42,"column":35},"end":{"line":42,"column":36}},"loc":{"start":{"line":42,"column":41},"end":{"line":42,"column":60}},"line":42},"7":{"name":"(anonymous_7)","decl":{"start":{"line":62,"column":24},"end":{"line":62,"column":25}},"loc":{"start":{"line":62,"column":36},"end":{"line":64,"column":1}},"line":62}},"branchMap":{"0":{"loc":{"start":{"line":24,"column":8},"end":{"line":26,"column":9}},"type":"if","locations":[{"start":{"line":24,"column":8},"end":{"line":26,"column":9}},{"start":{},"end":{}}],"line":24}},"s":{"0":0,"1":0,"2":0,"3":0,"4":0,"5":0,"6":0,"7":0,"8":0,"9":0,"10":0},"f":{"0":0,"1":0,"2":0,"3":0,"4":0,"5":0,"6":0,"7":0},"b":{"0":[0,0]}}
,"C:\\Users\\lnc\\WebstormProjects\\untitled1\\src\\index.js": {"path":"C:\\Users\\lnc\\WebstormProjects\\untitled1\\src\\index.js","statementMap":{"0":{"start":{"line":11,"column":0},"end":{"line":24,"column":55}},"1":{"start":{"line":27,"column":0},"end":{"line":27,"column":18}}},"fnMap":{},"branchMap":{},"s":{"0":0,"1":0},"f":{},"b":{}}
,"C:\\Users\\lnc\\WebstormProjects\\untitled1\\src\\reportWebVitals.js": {"path":"C:\\Users\\lnc\\WebstormProjects\\untitled1\\src\\reportWebVitals.js","statementMap":{"0":{"start":{"line":1,"column":24},"end":{"line":11,"column":1}},"1":{"start":{"line":2,"column":2},"end":{"line":10,"column":3}},"2":{"start":{"line":3,"column":4},"end":{"line":9,"column":7}},"3":{"start":{"line":4,"column":6},"end":{"line":4,"column":26}},"4":{"start":{"line":5,"column":6},"end":{"line":5,"column":26}},"5":{"start":{"line":6,"column":6},"end":{"line":6,"column":26}},"6":{"start":{"line":7,"column":6},"end":{"line":7,"column":26}},"7":{"start":{"line":8,"column":6},"end":{"line":8,"column":27}}},"fnMap":{"0":{"name":"(anonymous_0)","decl":{"start":{"line":1,"column":24},"end":{"line":1,"column":25}},"loc":{"start":{"line":1,"column":39},"end":{"line":11,"column":1}},"line":1},"1":{"name":"(anonymous_1)","decl":{"start":{"line":3,"column":30},"end":{"line":3,"column":31}},"loc":{"start":{"line":3,"column":79},"end":{"line":9,"column":5}},"line":3}},"branchMap":{"0":{"loc":{"start":{"line":2,"column":2},"end":{"line":10,"column":3}},"type":"if","locations":[{"start":{"line":2,"column":2},"end":{"line":10,"column":3}},{"start":{},"end":{}}],"line":2},"1":{"loc":{"start":{"line":2,"column":6},"end":{"line":2,"column":52}},"type":"binary-expr","locations":[{"start":{"line":2,"column":6},"end":{"line":2,"column":17}},{"start":{"line":2,"column":21},"end":{"line":2,"column":52}}],"line":2}},"s":{"0":0,"1":0,"2":0,"3":0,"4":0,"5":0,"6":0,"7":0},"f":{"0":0,"1":0},"b":{"0":[0,0],"1":[0,0]}}
,"C:\\Users\\lnc\\WebstormProjects\\untitled1\\src\\api\\api.js": {"path":"C:\\Users\\lnc\\WebstormProjects\\untitled1\\src\\api\\api.js","statementMap":{"0":{"start":{"line":3,"column":17},"end":{"line":9,"column":2}},"1":{"start":{"line":11,"column":23},"end":{"line":29,"column":1}},"2":{"start":{"line":13,"column":8},"end":{"line":16,"column":15}},"3":{"start":{"line":15,"column":16},"end":{"line":15,"column":37}},"4":{"start":{"line":19,"column":8},"end":{"line":19,"column":48}},"5":{"start":{"line":22,"column":8},"end":{"line":22,"column":50}},"6":{"start":{"line":25,"column":8},"end":{"line":25,"column":63}},"7":{"start":{"line":26,"column":8},"end":{"line":26,"column":45}},"8":{"start":{"line":30,"column":26},"end":{"line":40,"column":1}},"9":{"start":{"line":32,"column":8},"end":{"line":32,"column":49}},"10":{"start":{"line":35,"column":8},"end":{"line":35,"column":56}},"11":{"start":{"line":38,"column":8},"end":{"line":38,"column":64}},"12":{"start":{"line":42,"column":23},"end":{"line":52,"column":1}},"13":{"start":{"line":44,"column":8},"end":{"line":44,"column":41}},"14":{"start":{"line":47,"column":8},"end":{"line":47,"column":76}},"15":{"start":{"line":50,"column":8},"end":{"line":50,"column":46}}},"fnMap":{"0":{"name":"(anonymous_0)","decl":{"start":{"line":12,"column":4},"end":{"line":12,"column":5}},"loc":{"start":{"line":12,"column":45},"end":{"line":17,"column":5}},"line":12},"1":{"name":"(anonymous_1)","decl":{"start":{"line":14,"column":18},"end":{"line":14,"column":19}},"loc":{"start":{"line":14,"column":30},"end":{"line":16,"column":13}},"line":14},"2":{"name":"(anonymous_2)","decl":{"start":{"line":18,"column":4},"end":{"line":18,"column":5}},"loc":{"start":{"line":18,"column":19},"end":{"line":20,"column":5}},"line":18},"3":{"name":"(anonymous_3)","decl":{"start":{"line":21,"column":4},"end":{"line":21,"column":5}},"loc":{"start":{"line":21,"column":21},"end":{"line":23,"column":5}},"line":21},"4":{"name":"(anonymous_4)","decl":{"start":{"line":24,"column":4},"end":{"line":24,"column":5}},"loc":{"start":{"line":24,"column":23},"end":{"line":27,"column":5}},"line":24},"5":{"name":"(anonymous_5)","decl":{"start":{"line":31,"column":4},"end":{"line":31,"column":5}},"loc":{"start":{"line":31,"column":23},"end":{"line":33,"column":5}},"line":31},"6":{"name":"(anonymous_6)","decl":{"start":{"line":34,"column":4},"end":{"line":34,"column":5}},"loc":{"start":{"line":34,"column":22},"end":{"line":36,"column":5}},"line":34},"7":{"name":"(anonymous_7)","decl":{"start":{"line":37,"column":4},"end":{"line":37,"column":5}},"loc":{"start":{"line":37,"column":25},"end":{"line":39,"column":5}},"line":37},"8":{"name":"(anonymous_8)","decl":{"start":{"line":43,"column":4},"end":{"line":43,"column":5}},"loc":{"start":{"line":43,"column":9},"end":{"line":45,"column":5}},"line":43},"9":{"name":"(anonymous_9)","decl":{"start":{"line":46,"column":4},"end":{"line":46,"column":5}},"loc":{"start":{"line":46,"column":47},"end":{"line":48,"column":5}},"line":46},"10":{"name":"(anonymous_10)","decl":{"start":{"line":49,"column":4},"end":{"line":49,"column":5}},"loc":{"start":{"line":49,"column":13},"end":{"line":51,"column":5}},"line":49}},"branchMap":{"0":{"loc":{"start":{"line":12,"column":13},"end":{"line":12,"column":28}},"type":"default-arg","locations":[{"start":{"line":12,"column":27},"end":{"line":12,"column":28}}],"line":12},"1":{"loc":{"start":{"line":12,"column":30},"end":{"line":12,"column":43}},"type":"default-arg","locations":[{"start":{"line":12,"column":41},"end":{"line":12,"column":43}}],"line":12},"2":{"loc":{"start":{"line":46,"column":27},"end":{"line":46,"column":45}},"type":"default-arg","locations":[{"start":{"line":46,"column":40},"end":{"line":46,"column":45}}],"line":46}},"s":{"0":1,"1":1,"2":0,"3":0,"4":0,"5":0,"6":0,"7":0,"8":1,"9":0,"10":0,"11":0,"12":1,"13":0,"14":0,"15":0},"f":{"0":0,"1":0,"2":0,"3":0,"4":0,"5":0,"6":0,"7":0,"8":0,"9":0,"10":0},"b":{"0":[0],"1":[0],"2":[0]},"_coverageSchema":"1a1c01bbd47fc00a2c39e90264f33305004495a9","hash":"6b653e631e2dbaf56f76de53f28a2a45d1048787"}
,"C:\\Users\\lnc\\WebstormProjects\\untitled1\\src\\components\\Car\\Car.jsx": {"path":"C:\\Users\\lnc\\WebstormProjects\\untitled1\\src\\components\\Car\\Car.jsx","statementMap":{"0":{"start":{"line":8,"column":12},"end":{"line":29,"column":1}},"1":{"start":{"line":9,"column":4},"end":{"line":9,"column":58}},"2":{"start":{"line":9,"column":23},"end":{"line":9,"column":58}},"3":{"start":{"line":13,"column":8},"end":{"line":13,"column":66}},"4":{"start":{"line":13,"column":35},"end":{"line":13,"column":65}},"5":{"start":{"line":15,"column":25},"end":{"line":15,"column":42}},"6":{"start":{"line":17,"column":18},"end":{"line":19,"column":5}},"7":{"start":{"line":18,"column":8},"end":{"line":18,"column":41}},"8":{"start":{"line":21,"column":4},"end":{"line":28,"column":6}},"9":{"start":{"line":30,"column":20},"end":{"line":30,"column":40}},"10":{"start":{"line":32,"column":19},"end":{"line":44,"column":1}},"11":{"start":{"line":33,"column":4},"end":{"line":43,"column":5}},"12":{"start":{"line":46,"column":29},"end":{"line":46,"column":79}}},"fnMap":{"0":{"name":"(anonymous_0)","decl":{"start":{"line":8,"column":12},"end":{"line":8,"column":13}},"loc":{"start":{"line":8,"column":23},"end":{"line":29,"column":1}},"line":8},"1":{"name":"(anonymous_1)","decl":{"start":{"line":13,"column":30},"end":{"line":13,"column":31}},"loc":{"start":{"line":13,"column":35},"end":{"line":13,"column":65}},"line":13},"2":{"name":"(anonymous_2)","decl":{"start":{"line":17,"column":18},"end":{"line":17,"column":19}},"loc":{"start":{"line":17,"column":30},"end":{"line":19,"column":5}},"line":17},"3":{"name":"(anonymous_3)","decl":{"start":{"line":32,"column":19},"end":{"line":32,"column":20}},"loc":{"start":{"line":32,"column":30},"end":{"line":44,"column":1}},"line":32}},"branchMap":{"0":{"loc":{"start":{"line":9,"column":4},"end":{"line":9,"column":58}},"type":"if","locations":[{"start":{"line":9,"column":4},"end":{"line":9,"column":58}},{"start":{},"end":{}}],"line":9}},"s":{"0":0,"1":0,"2":0,"3":0,"4":0,"5":0,"6":0,"7":0,"8":0,"9":0,"10":0,"11":0,"12":0},"f":{"0":0,"1":0,"2":0,"3":0},"b":{"0":[0,0]}}
,"C:\\Users\\lnc\\WebstormProjects\\untitled1\\src\\components\\Car\\CarContainer.jsx": {"path":"C:\\Users\\lnc\\WebstormProjects\\untitled1\\src\\components\\Car\\CarContainer.jsx","statementMap":{"0":{"start":{"line":8,"column":22},"end":{"line":14,"column":1}},"1":{"start":{"line":10,"column":4},"end":{"line":13,"column":5}},"2":{"start":{"line":16,"column":25},"end":{"line":23,"column":1}},"3":{"start":{"line":17,"column":4},"end":{"line":22,"column":5}},"4":{"start":{"line":19,"column":12},"end":{"line":19,"column":52}}},"fnMap":{"0":{"name":"(anonymous_0)","decl":{"start":{"line":8,"column":22},"end":{"line":8,"column":23}},"loc":{"start":{"line":8,"column":33},"end":{"line":14,"column":1}},"line":8},"1":{"name":"(anonymous_1)","decl":{"start":{"line":16,"column":25},"end":{"line":16,"column":26}},"loc":{"start":{"line":16,"column":39},"end":{"line":23,"column":1}},"line":16},"2":{"name":"(anonymous_2)","decl":{"start":{"line":18,"column":17},"end":{"line":18,"column":18}},"loc":{"start":{"line":18,"column":33},"end":{"line":21,"column":9}},"line":18}},"branchMap":{},"s":{"0":0,"1":0,"2":0,"3":0,"4":0},"f":{"0":0,"1":0,"2":0},"b":{}}
,"C:\\Users\\lnc\\WebstormProjects\\untitled1\\src\\components\\Car\\PostCar\\PostCar.jsx": {"path":"C:\\Users\\lnc\\WebstormProjects\\untitled1\\src\\components\\Car\\PostCar\\PostCar.jsx","statementMap":{"0":{"start":{"line":4,"column":16},"end":{"line":12,"column":1}},"1":{"start":{"line":5,"column":4},"end":{"line":11,"column":6}}},"fnMap":{"0":{"name":"(anonymous_0)","decl":{"start":{"line":4,"column":16},"end":{"line":4,"column":17}},"loc":{"start":{"line":4,"column":27},"end":{"line":12,"column":1}},"line":4}},"branchMap":{},"s":{"0":0,"1":0},"f":{"0":0},"b":{}}
,"C:\\Users\\lnc\\WebstormProjects\\untitled1\\src\\components\\Common\\FormsControls\\FormsControls.js": {"path":"C:\\Users\\lnc\\WebstormProjects\\untitled1\\src\\components\\Common\\FormsControls\\FormsControls.js","statementMap":{"0":{"start":{"line":5,"column":20},"end":{"line":19,"column":1}},"1":{"start":{"line":7,"column":21},"end":{"line":7,"column":47}},"2":{"start":{"line":11,"column":4},"end":{"line":18,"column":5}},"3":{"start":{"line":21,"column":24},"end":{"line":24,"column":1}},"4":{"start":{"line":22,"column":47},"end":{"line":22,"column":52}},"5":{"start":{"line":23,"column":4},"end":{"line":23,"column":88}},"6":{"start":{"line":26,"column":21},"end":{"line":29,"column":1}},"7":{"start":{"line":27,"column":47},"end":{"line":27,"column":52}},"8":{"start":{"line":28,"column":4},"end":{"line":28,"column":87}}},"fnMap":{"0":{"name":"(anonymous_0)","decl":{"start":{"line":5,"column":20},"end":{"line":5,"column":21}},"loc":{"start":{"line":5,"column":56},"end":{"line":19,"column":1}},"line":5},"1":{"name":"(anonymous_1)","decl":{"start":{"line":21,"column":24},"end":{"line":21,"column":25}},"loc":{"start":{"line":21,"column":35},"end":{"line":24,"column":1}},"line":21},"2":{"name":"(anonymous_2)","decl":{"start":{"line":26,"column":21},"end":{"line":26,"column":22}},"loc":{"start":{"line":26,"column":32},"end":{"line":29,"column":1}},"line":26}},"branchMap":{"0":{"loc":{"start":{"line":7,"column":21},"end":{"line":7,"column":47}},"type":"binary-expr","locations":[{"start":{"line":7,"column":21},"end":{"line":7,"column":33}},{"start":{"line":7,"column":37},"end":{"line":7,"column":47}}],"line":7},"1":{"loc":{"start":{"line":12,"column":52},"end":{"line":12,"column":81}},"type":"cond-expr","locations":[{"start":{"line":12,"column":63},"end":{"line":12,"column":75}},{"start":{"line":12,"column":78},"end":{"line":12,"column":81}}],"line":12},"2":{"loc":{"start":{"line":16,"column":13},"end":{"line":16,"column":50}},"type":"binary-expr","locations":[{"start":{"line":16,"column":13},"end":{"line":16,"column":21}},{"start":{"line":16,"column":25},"end":{"line":16,"column":50}}],"line":16}},"s":{"0":0,"1":0,"2":0,"3":0,"4":0,"5":0,"6":0,"7":0,"8":0},"f":{"0":0,"1":0,"2":0},"b":{"0":[0,0],"1":[0,0],"2":[0,0]}}
,"C:\\Users\\lnc\\WebstormProjects\\untitled1\\src\\components\\Common\\Infinity\\Infinity.js": {"path":"C:\\Users\\lnc\\WebstormProjects\\untitled1\\src\\components\\Common\\Infinity\\Infinity.js","statementMap":{"0":{"start":{"line":4,"column":15},"end":{"line":8,"column":1}},"1":{"start":{"line":5,"column":4},"end":{"line":7,"column":10}}},"fnMap":{"0":{"name":"(anonymous_0)","decl":{"start":{"line":4,"column":15},"end":{"line":4,"column":16}},"loc":{"start":{"line":4,"column":26},"end":{"line":8,"column":1}},"line":4}},"branchMap":{},"s":{"0":0,"1":0},"f":{"0":0},"b":{}}
,"C:\\Users\\lnc\\WebstormProjects\\untitled1\\src\\components\\Dialogs\\Dialogs.jsx": {"path":"C:\\Users\\lnc\\WebstormProjects\\untitled1\\src\\components\\Dialogs\\Dialogs.jsx","statementMap":{"0":{"start":{"line":4,"column":16},"end":{"line":13,"column":1}},"1":{"start":{"line":5,"column":4},"end":{"line":5,"column":58}},"2":{"start":{"line":5,"column":23},"end":{"line":5,"column":58}},"3":{"start":{"line":7,"column":4},"end":{"line":12,"column":6}}},"fnMap":{"0":{"name":"(anonymous_0)","decl":{"start":{"line":4,"column":16},"end":{"line":4,"column":17}},"loc":{"start":{"line":4,"column":27},"end":{"line":13,"column":1}},"line":4}},"branchMap":{"0":{"loc":{"start":{"line":5,"column":4},"end":{"line":5,"column":58}},"type":"if","locations":[{"start":{"line":5,"column":4},"end":{"line":5,"column":58}},{"start":{},"end":{}}],"line":5}},"s":{"0":0,"1":0,"2":0,"3":0},"f":{"0":0},"b":{"0":[0,0]}}
,"C:\\Users\\lnc\\WebstormProjects\\untitled1\\src\\components\\Dialogs\\DialogsContainer.jsx": {"path":"C:\\Users\\lnc\\WebstormProjects\\untitled1\\src\\components\\Dialogs\\DialogsContainer.jsx","statementMap":{"0":{"start":{"line":7,"column":22},"end":{"line":9,"column":1}},"1":{"start":{"line":8,"column":4},"end":{"line":8,"column":13}},"2":{"start":{"line":10,"column":25},"end":{"line":11,"column":1}}},"fnMap":{"0":{"name":"(anonymous_0)","decl":{"start":{"line":7,"column":22},"end":{"line":7,"column":23}},"loc":{"start":{"line":7,"column":33},"end":{"line":9,"column":1}},"line":7},"1":{"name":"(anonymous_1)","decl":{"start":{"line":10,"column":25},"end":{"line":10,"column":26}},"loc":{"start":{"line":10,"column":39},"end":{"line":11,"column":1}},"line":10}},"branchMap":{},"s":{"0":0,"1":0,"2":0},"f":{"0":0,"1":0},"b":{}}
,"C:\\Users\\lnc\\WebstormProjects\\untitled1\\src\\components\\Header\\Header.jsx": {"path":"C:\\Users\\lnc\\WebstormProjects\\untitled1\\src\\components\\Header\\Header.jsx","statementMap":{"0":{"start":{"line":5,"column":15},"end":{"line":18,"column":1}},"1":{"start":{"line":6,"column":4},"end":{"line":17,"column":6}}},"fnMap":{"0":{"name":"(anonymous_0)","decl":{"start":{"line":5,"column":15},"end":{"line":5,"column":16}},"loc":{"start":{"line":5,"column":26},"end":{"line":18,"column":1}},"line":5}},"branchMap":{"0":{"loc":{"start":{"line":12,"column":17},"end":{"line":14,"column":60}},"type":"cond-expr","locations":[{"start":{"line":13,"column":22},"end":{"line":13,"column":96}},{"start":{"line":14,"column":22},"end":{"line":14,"column":60}}],"line":12}},"s":{"0":0,"1":0},"f":{"0":0},"b":{"0":[0,0]}}
,"C:\\Users\\lnc\\WebstormProjects\\untitled1\\src\\components\\Header\\HeaderContainer.jsx": {"path":"C:\\Users\\lnc\\WebstormProjects\\untitled1\\src\\components\\Header\\HeaderContainer.jsx","statementMap":{"0":{"start":{"line":10,"column":8},"end":{"line":10,"column":41}},"1":{"start":{"line":13,"column":24},"end":{"line":17,"column":2}},"2":{"start":{"line":13,"column":36},"end":{"line":17,"column":1}}},"fnMap":{"0":{"name":"(anonymous_0)","decl":{"start":{"line":9,"column":4},"end":{"line":9,"column":5}},"loc":{"start":{"line":9,"column":13},"end":{"line":11,"column":5}},"line":9},"1":{"name":"(anonymous_1)","decl":{"start":{"line":13,"column":24},"end":{"line":13,"column":25}},"loc":{"start":{"line":13,"column":36},"end":{"line":17,"column":1}},"line":13}},"branchMap":{},"s":{"0":0,"1":0,"2":0},"f":{"0":0,"1":0},"b":{}}
,"C:\\Users\\lnc\\WebstormProjects\\untitled1\\src\\components\\Login\\Login.jsx": {"path":"C:\\Users\\lnc\\WebstormProjects\\untitled1\\src\\components\\Login\\Login.jsx","statementMap":{"0":{"start":{"line":9,"column":18},"end":{"line":31,"column":1}},"1":{"start":{"line":10,"column":4},"end":{"line":30,"column":6}},"2":{"start":{"line":33,"column":23},"end":{"line":35,"column":13}},"3":{"start":{"line":37,"column":14},"end":{"line":50,"column":1}},"4":{"start":{"line":38,"column":21},"end":{"line":40,"column":5}},"5":{"start":{"line":39,"column":8},"end":{"line":39,"column":76}},"6":{"start":{"line":41,"column":4},"end":{"line":43,"column":5}},"7":{"start":{"line":42,"column":8},"end":{"line":42,"column":42}},"8":{"start":{"line":44,"column":4},"end":{"line":49,"column":6}},"9":{"start":{"line":51,"column":24},"end":{"line":53,"column":2}},"10":{"start":{"line":51,"column":36},"end":{"line":53,"column":1}}},"fnMap":{"0":{"name":"(anonymous_0)","decl":{"start":{"line":9,"column":18},"end":{"line":9,"column":19}},"loc":{"start":{"line":9,"column":29},"end":{"line":31,"column":1}},"line":9},"1":{"name":"(anonymous_1)","decl":{"start":{"line":37,"column":14},"end":{"line":37,"column":15}},"loc":{"start":{"line":37,"column":25},"end":{"line":50,"column":1}},"line":37},"2":{"name":"(anonymous_2)","decl":{"start":{"line":38,"column":21},"end":{"line":38,"column":22}},"loc":{"start":{"line":38,"column":35},"end":{"line":40,"column":5}},"line":38},"3":{"name":"(anonymous_3)","decl":{"start":{"line":51,"column":24},"end":{"line":51,"column":25}},"loc":{"start":{"line":51,"column":36},"end":{"line":53,"column":1}},"line":51}},"branchMap":{"0":{"loc":{"start":{"line":41,"column":4},"end":{"line":43,"column":5}},"type":"if","locations":[{"start":{"line":41,"column":4},"end":{"line":43,"column":5}},{"start":{},"end":{}}],"line":41}},"s":{"0":0,"1":0,"2":0,"3":0,"4":0,"5":0,"6":0,"7":0,"8":0,"9":0,"10":0},"f":{"0":0,"1":0,"2":0,"3":0},"b":{"0":[0,0]}}
,"C:\\Users\\lnc\\WebstormProjects\\untitled1\\src\\components\\Navbar\\Navbar.jsx": {"path":"C:\\Users\\lnc\\WebstormProjects\\untitled1\\src\\components\\Navbar\\Navbar.jsx","statementMap":{"0":{"start":{"line":5,"column":15},"end":{"line":28,"column":1}},"1":{"start":{"line":6,"column":4},"end":{"line":27,"column":6}},"2":{"start":{"line":9,"column":64},"end":{"line":9,"column":112}},"3":{"start":{"line":12,"column":67},"end":{"line":12,"column":115}},"4":{"start":{"line":15,"column":60},"end":{"line":15,"column":108}},"5":{"start":{"line":18,"column":62},"end":{"line":18,"column":110}},"6":{"start":{"line":21,"column":62},"end":{"line":21,"column":110}},"7":{"start":{"line":24,"column":64},"end":{"line":24,"column":112}}},"fnMap":{"0":{"name":"(anonymous_0)","decl":{"start":{"line":5,"column":15},"end":{"line":5,"column":16}},"loc":{"start":{"line":5,"column":21},"end":{"line":28,"column":1}},"line":5},"1":{"name":"(anonymous_1)","decl":{"start":{"line":9,"column":53},"end":{"line":9,"column":54}},"loc":{"start":{"line":9,"column":64},"end":{"line":9,"column":112}},"line":9},"2":{"name":"(anonymous_2)","decl":{"start":{"line":12,"column":56},"end":{"line":12,"column":57}},"loc":{"start":{"line":12,"column":67},"end":{"line":12,"column":115}},"line":12},"3":{"name":"(anonymous_3)","decl":{"start":{"line":15,"column":49},"end":{"line":15,"column":50}},"loc":{"start":{"line":15,"column":60},"end":{"line":15,"column":108}},"line":15},"4":{"name":"(anonymous_4)","decl":{"start":{"line":18,"column":51},"end":{"line":18,"column":52}},"loc":{"start":{"line":18,"column":62},"end":{"line":18,"column":110}},"line":18},"5":{"name":"(anonymous_5)","decl":{"start":{"line":21,"column":51},"end":{"line":21,"column":52}},"loc":{"start":{"line":21,"column":62},"end":{"line":21,"column":110}},"line":21},"6":{"name":"(anonymous_6)","decl":{"start":{"line":24,"column":53},"end":{"line":24,"column":54}},"loc":{"start":{"line":24,"column":64},"end":{"line":24,"column":112}},"line":24}},"branchMap":{"0":{"loc":{"start":{"line":9,"column":64},"end":{"line":9,"column":112}},"type":"cond-expr","locations":[{"start":{"line":9,"column":83},"end":{"line":9,"column":97}},{"start":{"line":9,"column":100},"end":{"line":9,"column":112}}],"line":9},"1":{"loc":{"start":{"line":12,"column":67},"end":{"line":12,"column":115}},"type":"cond-expr","locations":[{"start":{"line":12,"column":86},"end":{"line":12,"column":100}},{"start":{"line":12,"column":103},"end":{"line":12,"column":115}}],"line":12},"2":{"loc":{"start":{"line":15,"column":60},"end":{"line":15,"column":108}},"type":"cond-expr","locations":[{"start":{"line":15,"column":79},"end":{"line":15,"column":93}},{"start":{"line":15,"column":96},"end":{"line":15,"column":108}}],"line":15},"3":{"loc":{"start":{"line":18,"column":62},"end":{"line":18,"column":110}},"type":"cond-expr","locations":[{"start":{"line":18,"column":81},"end":{"line":18,"column":95}},{"start":{"line":18,"column":98},"end":{"line":18,"column":110}}],"line":18},"4":{"loc":{"start":{"line":21,"column":62},"end":{"line":21,"column":110}},"type":"cond-expr","locations":[{"start":{"line":21,"column":81},"end":{"line":21,"column":95}},{"start":{"line":21,"column":98},"end":{"line":21,"column":110}}],"line":21},"5":{"loc":{"start":{"line":24,"column":64},"end":{"line":24,"column":112}},"type":"cond-expr","locations":[{"start":{"line":24,"column":83},"end":{"line":24,"column":97}},{"start":{"line":24,"column":100},"end":{"line":24,"column":112}}],"line":24}},"s":{"0":0,"1":0,"2":0,"3":0,"4":0,"5":0,"6":0,"7":0},"f":{"0":0,"1":0,"2":0,"3":0,"4":0,"5":0,"6":0},"b":{"0":[0,0],"1":[0,0],"2":[0,0],"3":[0,0],"4":[0,0],"5":[0,0]}}
,"C:\\Users\\lnc\\WebstormProjects\\untitled1\\src\\components\\Profile\\Profile.jsx": {"path":"C:\\Users\\lnc\\WebstormProjects\\untitled1\\src\\components\\Profile\\Profile.jsx","statementMap":{"0":{"start":{"line":8,"column":17},"end":{"line":29,"column":2}},"1":{"start":{"line":11,"column":8},"end":{"line":11,"column":74}},"2":{"start":{"line":11,"column":29},"end":{"line":11,"column":73}},"3":{"start":{"line":13,"column":25},"end":{"line":13,"column":42}},"4":{"start":{"line":15,"column":20},"end":{"line":17,"column":5}},"5":{"start":{"line":16,"column":8},"end":{"line":16,"column":42}},"6":{"start":{"line":18,"column":4},"end":{"line":28,"column":6}},"7":{"start":{"line":31,"column":20},"end":{"line":31,"column":40}},"8":{"start":{"line":33,"column":23},"end":{"line":45,"column":1}},"9":{"start":{"line":34,"column":4},"end":{"line":44,"column":5}},"10":{"start":{"line":46,"column":26},"end":{"line":46,"column":84}}},"fnMap":{"0":{"name":"(anonymous_0)","decl":{"start":{"line":8,"column":28},"end":{"line":8,"column":29}},"loc":{"start":{"line":8,"column":38},"end":{"line":29,"column":1}},"line":8},"1":{"name":"(anonymous_1)","decl":{"start":{"line":11,"column":24},"end":{"line":11,"column":25}},"loc":{"start":{"line":11,"column":29},"end":{"line":11,"column":73}},"line":11},"2":{"name":"(anonymous_2)","decl":{"start":{"line":15,"column":20},"end":{"line":15,"column":21}},"loc":{"start":{"line":15,"column":32},"end":{"line":17,"column":5}},"line":15},"3":{"name":"(anonymous_3)","decl":{"start":{"line":33,"column":23},"end":{"line":33,"column":24}},"loc":{"start":{"line":33,"column":34},"end":{"line":45,"column":1}},"line":33}},"branchMap":{},"s":{"0":0,"1":0,"2":0,"3":0,"4":0,"5":0,"6":0,"7":0,"8":0,"9":0,"10":0},"f":{"0":0,"1":0,"2":0,"3":0},"b":{}}
,"C:\\Users\\lnc\\WebstormProjects\\untitled1\\src\\components\\Profile\\ProfileBossContainer.jsx": {"path":"C:\\Users\\lnc\\WebstormProjects\\untitled1\\src\\components\\Profile\\ProfileBossContainer.jsx","statementMap":{"0":{"start":{"line":10,"column":21},"end":{"line":10,"column":51}},"1":{"start":{"line":11,"column":8},"end":{"line":16,"column":9}},"2":{"start":{"line":12,"column":12},"end":{"line":12,"column":49}},"3":{"start":{"line":13,"column":12},"end":{"line":15,"column":13}},"4":{"start":{"line":14,"column":16},"end":{"line":14,"column":49}},"5":{"start":{"line":17,"column":8},"end":{"line":17,"column":43}},"6":{"start":{"line":18,"column":8},"end":{"line":18,"column":37}},"7":{"start":{"line":22,"column":8},"end":{"line":29,"column":10}},"8":{"start":{"line":33,"column":22},"end":{"line":38,"column":2}},"9":{"start":{"line":33,"column":34},"end":{"line":38,"column":1}}},"fnMap":{"0":{"name":"(anonymous_0)","decl":{"start":{"line":9,"column":4},"end":{"line":9,"column":5}},"loc":{"start":{"line":9,"column":24},"end":{"line":19,"column":5}},"line":9},"1":{"name":"(anonymous_1)","decl":{"start":{"line":21,"column":4},"end":{"line":21,"column":5}},"loc":{"start":{"line":21,"column":13},"end":{"line":30,"column":5}},"line":21},"2":{"name":"(anonymous_2)","decl":{"start":{"line":33,"column":22},"end":{"line":33,"column":23}},"loc":{"start":{"line":33,"column":34},"end":{"line":38,"column":1}},"line":33}},"branchMap":{"0":{"loc":{"start":{"line":11,"column":8},"end":{"line":16,"column":9}},"type":"if","locations":[{"start":{"line":11,"column":8},"end":{"line":16,"column":9}},{"start":{},"end":{}}],"line":11},"1":{"loc":{"start":{"line":13,"column":12},"end":{"line":15,"column":13}},"type":"if","locations":[{"start":{"line":13,"column":12},"end":{"line":15,"column":13}},{"start":{},"end":{}}],"line":13}},"s":{"0":0,"1":0,"2":0,"3":0,"4":0,"5":0,"6":0,"7":0,"8":0,"9":0},"f":{"0":0,"1":0,"2":0},"b":{"0":[0,0],"1":[0,0]}}
,"C:\\Users\\lnc\\WebstormProjects\\untitled1\\src\\components\\Profile\\ProfileContainer.jsx": {"path":"C:\\Users\\lnc\\WebstormProjects\\untitled1\\src\\components\\Profile\\ProfileContainer.jsx","statementMap":{"0":{"start":{"line":6,"column":22},"end":{"line":13,"column":1}},"1":{"start":{"line":8,"column":4},"end":{"line":12,"column":5}},"2":{"start":{"line":14,"column":25},"end":{"line":20,"column":1}},"3":{"start":{"line":15,"column":4},"end":{"line":19,"column":5}},"4":{"start":{"line":17,"column":12},"end":{"line":17,"column":56}},"5":{"start":{"line":22,"column":26},"end":{"line":22,"column":80}}},"fnMap":{"0":{"name":"(anonymous_0)","decl":{"start":{"line":6,"column":22},"end":{"line":6,"column":23}},"loc":{"start":{"line":6,"column":33},"end":{"line":13,"column":1}},"line":6},"1":{"name":"(anonymous_1)","decl":{"start":{"line":14,"column":25},"end":{"line":14,"column":26}},"loc":{"start":{"line":14,"column":39},"end":{"line":20,"column":1}},"line":14},"2":{"name":"(anonymous_2)","decl":{"start":{"line":16,"column":16},"end":{"line":16,"column":17}},"loc":{"start":{"line":16,"column":33},"end":{"line":18,"column":9}},"line":16}},"branchMap":{},"s":{"0":0,"1":0,"2":0,"3":0,"4":0,"5":0},"f":{"0":0,"1":0,"2":0},"b":{}}
,"C:\\Users\\lnc\\WebstormProjects\\untitled1\\src\\components\\Profile\\ProfileInfo.jsx": {"path":"C:\\Users\\lnc\\WebstormProjects\\untitled1\\src\\components\\Profile\\ProfileInfo.jsx","statementMap":{"0":{"start":{"line":6,"column":20},"end":{"line":19,"column":1}},"1":{"start":{"line":7,"column":4},"end":{"line":9,"column":5}},"2":{"start":{"line":8,"column":8},"end":{"line":8,"column":26}},"3":{"start":{"line":11,"column":4},"end":{"line":18,"column":6}}},"fnMap":{"0":{"name":"(anonymous_0)","decl":{"start":{"line":6,"column":20},"end":{"line":6,"column":21}},"loc":{"start":{"line":6,"column":31},"end":{"line":19,"column":1}},"line":6}},"branchMap":{"0":{"loc":{"start":{"line":7,"column":4},"end":{"line":9,"column":5}},"type":"if","locations":[{"start":{"line":7,"column":4},"end":{"line":9,"column":5}},{"start":{},"end":{}}],"line":7}},"s":{"0":0,"1":0,"2":0,"3":0},"f":{"0":0},"b":{"0":[0,0]}}
,"C:\\Users\\lnc\\WebstormProjects\\untitled1\\src\\components\\Profile\\ProfileObert.jsx": {"path":"C:\\Users\\lnc\\WebstormProjects\\untitled1\\src\\components\\Profile\\ProfileObert.jsx","statementMap":{"0":{"start":{"line":5,"column":21},"end":{"line":12,"column":1}},"1":{"start":{"line":6,"column":4},"end":{"line":11,"column":6}}},"fnMap":{"0":{"name":"(anonymous_0)","decl":{"start":{"line":5,"column":21},"end":{"line":5,"column":22}},"loc":{"start":{"line":5,"column":32},"end":{"line":12,"column":1}},"line":5}},"branchMap":{},"s":{"0":0,"1":0},"f":{"0":0},"b":{}}
,"C:\\Users\\lnc\\WebstormProjects\\untitled1\\src\\components\\Profile\\Post\\Post.jsx": {"path":"C:\\Users\\lnc\\WebstormProjects\\untitled1\\src\\components\\Profile\\Post\\Post.jsx","statementMap":{"0":{"start":{"line":4,"column":13},"end":{"line":13,"column":1}},"1":{"start":{"line":5,"column":4},"end":{"line":12,"column":6}}},"fnMap":{"0":{"name":"(anonymous_0)","decl":{"start":{"line":4,"column":13},"end":{"line":4,"column":14}},"loc":{"start":{"line":4,"column":24},"end":{"line":13,"column":1}},"line":4}},"branchMap":{},"s":{"0":0,"1":0},"f":{"0":0},"b":{}}
,"C:\\Users\\lnc\\WebstormProjects\\untitled1\\src\\components\\Profile\\ProfileStatus\\ProfileStatus.jsx": {"path":"C:\\Users\\lnc\\WebstormProjects\\untitled1\\src\\components\\Profile\\ProfileStatus\\ProfileStatus.jsx","statementMap":{"0":{"start":{"line":6,"column":12},"end":{"line":8,"column":5}},"1":{"start":{"line":10,"column":23},"end":{"line":14,"column":1}},"2":{"start":{"line":11,"column":8},"end":{"line":13,"column":10}},"3":{"start":{"line":15,"column":25},"end":{"line":20,"column":5}},"4":{"start":{"line":16,"column":8},"end":{"line":18,"column":11}},"5":{"start":{"line":19,"column":8},"end":{"line":19,"column":51}},"6":{"start":{"line":21,"column":21},"end":{"line":25,"column":5}},"7":{"start":{"line":22,"column":8},"end":{"line":24,"column":10}},"8":{"start":{"line":28,"column":8},"end":{"line":32,"column":9}},"9":{"start":{"line":29,"column":12},"end":{"line":31,"column":15}},"10":{"start":{"line":36,"column":8},"end":{"line":50,"column":10}}},"fnMap":{"0":{"name":"(anonymous_0)","decl":{"start":{"line":10,"column":23},"end":{"line":10,"column":24}},"loc":{"start":{"line":10,"column":29},"end":{"line":14,"column":1}},"line":10},"1":{"name":"(anonymous_1)","decl":{"start":{"line":15,"column":25},"end":{"line":15,"column":26}},"loc":{"start":{"line":15,"column":31},"end":{"line":20,"column":5}},"line":15},"2":{"name":"(anonymous_2)","decl":{"start":{"line":21,"column":21},"end":{"line":21,"column":22}},"loc":{"start":{"line":21,"column":28},"end":{"line":25,"column":5}},"line":21},"3":{"name":"(anonymous_3)","decl":{"start":{"line":27,"column":4},"end":{"line":27,"column":5}},"loc":{"start":{"line":27,"column":45},"end":{"line":33,"column":5}},"line":27},"4":{"name":"(anonymous_4)","decl":{"start":{"line":35,"column":4},"end":{"line":35,"column":5}},"loc":{"start":{"line":35,"column":13},"end":{"line":51,"column":5}},"line":35}},"branchMap":{"0":{"loc":{"start":{"line":28,"column":8},"end":{"line":32,"column":9}},"type":"if","locations":[{"start":{"line":28,"column":8},"end":{"line":32,"column":9}},{"start":{},"end":{}}],"line":28},"1":{"loc":{"start":{"line":38,"column":17},"end":{"line":41,"column":26}},"type":"binary-expr","locations":[{"start":{"line":38,"column":17},"end":{"line":38,"column":37}},{"start":{"line":39,"column":20},"end":{"line":41,"column":26}}],"line":38},"2":{"loc":{"start":{"line":40,"column":70},"end":{"line":40,"column":97}},"type":"binary-expr","locations":[{"start":{"line":40,"column":70},"end":{"line":40,"column":87}},{"start":{"line":40,"column":91},"end":{"line":40,"column":97}}],"line":40},"3":{"loc":{"start":{"line":43,"column":17},"end":{"line":47,"column":26}},"type":"binary-expr","locations":[{"start":{"line":43,"column":17},"end":{"line":43,"column":36}},{"start":{"line":44,"column":20},"end":{"line":47,"column":26}}],"line":43}},"s":{"0":0,"1":0,"2":0,"3":0,"4":0,"5":0,"6":0,"7":0,"8":0,"9":0,"10":0},"f":{"0":0,"1":0,"2":0,"3":0,"4":0},"b":{"0":[0,0],"1":[0,0],"2":[0,0],"3":[0,0]}}
,"C:\\Users\\lnc\\WebstormProjects\\untitled1\\src\\components\\Profile\\ProfileStatus\\ProfileStatusWithHooks.jsx": {"path":"C:\\Users\\lnc\\WebstormProjects\\untitled1\\src\\components\\Profile\\ProfileStatus\\ProfileStatusWithHooks.jsx","statementMap":{"0":{"start":{"line":3,"column":31},"end":{"line":40,"column":1}},"1":{"start":{"line":5,"column":34},"end":{"line":5,"column":49}},"2":{"start":{"line":6,"column":30},"end":{"line":6,"column":52}},"3":{"start":{"line":8,"column":4},"end":{"line":10,"column":22}},"4":{"start":{"line":9,"column":8},"end":{"line":9,"column":32}},"5":{"start":{"line":12,"column":29},"end":{"line":14,"column":5}},"6":{"start":{"line":13,"column":8},"end":{"line":13,"column":26}},"7":{"start":{"line":15,"column":31},"end":{"line":18,"column":5}},"8":{"start":{"line":16,"column":8},"end":{"line":16,"column":27}},"9":{"start":{"line":17,"column":9},"end":{"line":17,"column":36}},"10":{"start":{"line":19,"column":27},"end":{"line":21,"column":5}},"11":{"start":{"line":20,"column":8},"end":{"line":20,"column":40}},"12":{"start":{"line":23,"column":4},"end":{"line":39,"column":6}}},"fnMap":{"0":{"name":"(anonymous_0)","decl":{"start":{"line":3,"column":31},"end":{"line":3,"column":32}},"loc":{"start":{"line":3,"column":42},"end":{"line":40,"column":1}},"line":3},"1":{"name":"(anonymous_1)","decl":{"start":{"line":8,"column":15},"end":{"line":8,"column":16}},"loc":{"start":{"line":8,"column":21},"end":{"line":10,"column":5}},"line":8},"2":{"name":"(anonymous_2)","decl":{"start":{"line":12,"column":29},"end":{"line":12,"column":30}},"loc":{"start":{"line":12,"column":35},"end":{"line":14,"column":5}},"line":12},"3":{"name":"(anonymous_3)","decl":{"start":{"line":15,"column":31},"end":{"line":15,"column":32}},"loc":{"start":{"line":15,"column":37},"end":{"line":18,"column":5}},"line":15},"4":{"name":"(anonymous_4)","decl":{"start":{"line":19,"column":27},"end":{"line":19,"column":28}},"loc":{"start":{"line":19,"column":34},"end":{"line":21,"column":5}},"line":19}},"branchMap":{"0":{"loc":{"start":{"line":25,"column":13},"end":{"line":28,"column":22}},"type":"binary-expr","locations":[{"start":{"line":25,"column":13},"end":{"line":25,"column":22}},{"start":{"line":26,"column":16},"end":{"line":28,"column":22}}],"line":25},"1":{"loc":{"start":{"line":27,"column":61},"end":{"line":27,"column":83}},"type":"binary-expr","locations":[{"start":{"line":27,"column":61},"end":{"line":27,"column":73}},{"start":{"line":27,"column":77},"end":{"line":27,"column":83}}],"line":27},"2":{"loc":{"start":{"line":30,"column":13},"end":{"line":36,"column":22}},"type":"binary-expr","locations":[{"start":{"line":30,"column":13},"end":{"line":30,"column":21}},{"start":{"line":31,"column":16},"end":{"line":36,"column":22}}],"line":30}},"s":{"0":0,"1":0,"2":0,"3":0,"4":0,"5":0,"6":0,"7":0,"8":0,"9":0,"10":0,"11":0,"12":0},"f":{"0":0,"1":0,"2":0,"3":0,"4":0},"b":{"0":[0,0],"1":[0,0],"2":[0,0]}}
,"C:\\Users\\lnc\\WebstormProjects\\untitled1\\src\\components\\SecondPost\\SecondPost.jsx": {"path":"C:\\Users\\lnc\\WebstormProjects\\untitled1\\src\\components\\SecondPost\\SecondPost.jsx","statementMap":{"0":{"start":{"line":7,"column":19},"end":{"line":40,"column":1}},"1":{"start":{"line":9,"column":27},"end":{"line":10,"column":77}},"2":{"start":{"line":10,"column":24},"end":{"line":10,"column":76}},"3":{"start":{"line":12,"column":29},"end":{"line":14,"column":5}},"4":{"start":{"line":16,"column":4},"end":{"line":39,"column":6}},"5":{"start":{"line":31,"column":46},"end":{"line":31,"column":59}}},"fnMap":{"0":{"name":"(anonymous_0)","decl":{"start":{"line":7,"column":19},"end":{"line":7,"column":20}},"loc":{"start":{"line":7,"column":30},"end":{"line":40,"column":1}},"line":7},"1":{"name":"(anonymous_1)","decl":{"start":{"line":10,"column":13},"end":{"line":10,"column":14}},"loc":{"start":{"line":10,"column":24},"end":{"line":10,"column":76}},"line":10},"2":{"name":"(anonymous_2)","decl":{"start":{"line":12,"column":29},"end":{"line":12,"column":30}},"loc":{"start":{"line":12,"column":35},"end":{"line":14,"column":5}},"line":12},"3":{"name":"(anonymous_3)","decl":{"start":{"line":31,"column":39},"end":{"line":31,"column":40}},"loc":{"start":{"line":31,"column":45},"end":{"line":31,"column":60}},"line":31}},"branchMap":{},"s":{"0":0,"1":0,"2":0,"3":0,"4":0,"5":0},"f":{"0":0,"1":0,"2":0,"3":0},"b":{}}
,"C:\\Users\\lnc\\WebstormProjects\\untitled1\\src\\components\\SecondPost\\Dialogitem\\DialigItem.jsx": {"path":"C:\\Users\\lnc\\WebstormProjects\\untitled1\\src\\components\\SecondPost\\Dialogitem\\DialigItem.jsx","statementMap":{"0":{"start":{"line":6,"column":19},"end":{"line":12,"column":1}},"1":{"start":{"line":7,"column":15},"end":{"line":7,"column":36}},"2":{"start":{"line":9,"column":4},"end":{"line":11,"column":10}}},"fnMap":{"0":{"name":"(anonymous_0)","decl":{"start":{"line":6,"column":19},"end":{"line":6,"column":20}},"loc":{"start":{"line":6,"column":30},"end":{"line":12,"column":1}},"line":6}},"branchMap":{},"s":{"0":0,"1":0,"2":0},"f":{"0":0},"b":{}}
,"C:\\Users\\lnc\\WebstormProjects\\untitled1\\src\\components\\SecondPost\\Message\\MessageSend.jsx": {"path":"C:\\Users\\lnc\\WebstormProjects\\untitled1\\src\\components\\SecondPost\\Message\\MessageSend.jsx","statementMap":{"0":{"start":{"line":4,"column":20},"end":{"line":8,"column":1}},"1":{"start":{"line":5,"column":4},"end":{"line":7,"column":10}}},"fnMap":{"0":{"name":"(anonymous_0)","decl":{"start":{"line":4,"column":20},"end":{"line":4,"column":21}},"loc":{"start":{"line":4,"column":31},"end":{"line":8,"column":1}},"line":4}},"branchMap":{},"s":{"0":0,"1":0},"f":{"0":0},"b":{}}
,"C:\\Users\\lnc\\WebstormProjects\\untitled1\\src\\components\\Users\\UsersContainer.jsx": {"path":"C:\\Users\\lnc\\WebstormProjects\\untitled1\\src\\components\\Users\\UsersContainer.jsx","statementMap":{"0":{"start":{"line":19,"column":8},"end":{"line":19,"column":73}},"1":{"start":{"line":22,"column":20},"end":{"line":25,"column":5}},"2":{"start":{"line":23,"column":8},"end":{"line":23,"column":61}},"3":{"start":{"line":28,"column":8},"end":{"line":40,"column":11}},"4":{"start":{"line":56,"column":22},"end":{"line":66,"column":1}},"5":{"start":{"line":57,"column":4},"end":{"line":65,"column":5}}},"fnMap":{"0":{"name":"(anonymous_0)","decl":{"start":{"line":18,"column":4},"end":{"line":18,"column":5}},"loc":{"start":{"line":18,"column":24},"end":{"line":20,"column":5}},"line":18},"1":{"name":"(anonymous_1)","decl":{"start":{"line":22,"column":20},"end":{"line":22,"column":21}},"loc":{"start":{"line":22,"column":36},"end":{"line":25,"column":5}},"line":22},"2":{"name":"(anonymous_2)","decl":{"start":{"line":27,"column":4},"end":{"line":27,"column":5}},"loc":{"start":{"line":27,"column":13},"end":{"line":41,"column":5}},"line":27},"3":{"name":"(anonymous_3)","decl":{"start":{"line":56,"column":22},"end":{"line":56,"column":23}},"loc":{"start":{"line":56,"column":33},"end":{"line":66,"column":1}},"line":56}},"branchMap":{"0":{"loc":{"start":{"line":29,"column":13},"end":{"line":29,"column":55}},"type":"cond-expr","locations":[{"start":{"line":29,"column":37},"end":{"line":29,"column":48}},{"start":{"line":29,"column":51},"end":{"line":29,"column":55}}],"line":29}},"s":{"0":0,"1":0,"2":0,"3":0,"4":0,"5":0},"f":{"0":0,"1":0,"2":0,"3":0},"b":{"0":[0,0]}}
,"C:\\Users\\lnc\\WebstormProjects\\untitled1\\src\\components\\Users\\users.js": {"path":"C:\\Users\\lnc\\WebstormProjects\\untitled1\\src\\components\\Users\\users.js","statementMap":{"0":{"start":{"line":8,"column":12},"end":{"line":64,"column":1}},"1":{"start":{"line":9,"column":21},"end":{"line":9,"column":70}},"2":{"start":{"line":11,"column":16},"end":{"line":11,"column":18}},"3":{"start":{"line":12,"column":4},"end":{"line":14,"column":5}},"4":{"start":{"line":12,"column":17},"end":{"line":12,"column":18}},"5":{"start":{"line":13,"column":8},"end":{"line":13,"column":22}},"6":{"start":{"line":16,"column":4},"end":{"line":63,"column":10}},"7":{"start":{"line":19,"column":16},"end":{"line":22,"column":42}},"8":{"start":{"line":21,"column":33},"end":{"line":21,"column":56}},"9":{"start":{"line":27,"column":33},"end":{"line":61,"column":18}},"10":{"start":{"line":38,"column":48},"end":{"line":38,"column":59}},"11":{"start":{"line":40,"column":46},"end":{"line":40,"column":67}},"12":{"start":{"line":44,"column":48},"end":{"line":44,"column":59}},"13":{"start":{"line":46,"column":46},"end":{"line":46,"column":65}}},"fnMap":{"0":{"name":"(anonymous_0)","decl":{"start":{"line":8,"column":12},"end":{"line":8,"column":13}},"loc":{"start":{"line":8,"column":23},"end":{"line":64,"column":1}},"line":8},"1":{"name":"(anonymous_1)","decl":{"start":{"line":18,"column":23},"end":{"line":18,"column":24}},"loc":{"start":{"line":18,"column":28},"end":{"line":23,"column":13}},"line":18},"2":{"name":"(anonymous_2)","decl":{"start":{"line":20,"column":38},"end":{"line":20,"column":39}},"loc":{"start":{"line":20,"column":44},"end":{"line":22,"column":30}},"line":20},"3":{"name":"(anonymous_3)","decl":{"start":{"line":27,"column":28},"end":{"line":27,"column":29}},"loc":{"start":{"line":27,"column":33},"end":{"line":61,"column":18}},"line":27},"4":{"name":"(anonymous_4)","decl":{"start":{"line":38,"column":42},"end":{"line":38,"column":43}},"loc":{"start":{"line":38,"column":48},"end":{"line":38,"column":59}},"line":38},"5":{"name":"(anonymous_5)","decl":{"start":{"line":39,"column":51},"end":{"line":39,"column":52}},"loc":{"start":{"line":39,"column":57},"end":{"line":41,"column":43}},"line":39},"6":{"name":"(anonymous_6)","decl":{"start":{"line":44,"column":42},"end":{"line":44,"column":43}},"loc":{"start":{"line":44,"column":48},"end":{"line":44,"column":59}},"line":44},"7":{"name":"(anonymous_7)","decl":{"start":{"line":45,"column":51},"end":{"line":45,"column":52}},"loc":{"start":{"line":45,"column":57},"end":{"line":47,"column":43}},"line":45}},"branchMap":{"0":{"loc":{"start":{"line":19,"column":40},"end":{"line":19,"column":86}},"type":"binary-expr","locations":[{"start":{"line":19,"column":40},"end":{"line":19,"column":63}},{"start":{"line":19,"column":67},"end":{"line":19,"column":86}}],"line":19},"1":{"loc":{"start":{"line":31,"column":42},"end":{"line":31,"column":93}},"type":"cond-expr","locations":[{"start":{"line":31,"column":67},"end":{"line":31,"column":81}},{"start":{"line":31,"column":84},"end":{"line":31,"column":93}}],"line":31},"2":{"loc":{"start":{"line":36,"column":29},"end":{"line":48,"column":51}},"type":"cond-expr","locations":[{"start":{"line":37,"column":34},"end":{"line":42,"column":53}},{"start":{"line":43,"column":34},"end":{"line":48,"column":51}}],"line":36}},"s":{"0":0,"1":0,"2":0,"3":0,"4":0,"5":0,"6":0,"7":0,"8":0,"9":0,"10":0,"11":0,"12":0,"13":0},"f":{"0":0,"1":0,"2":0,"3":0,"4":0,"5":0,"6":0,"7":0},"b":{"0":[0,0],"1":[0,0],"2":[0,0]}}
,"C:\\Users\\lnc\\WebstormProjects\\untitled1\\src\\hoc\\withAuthRedirect.js": {"path":"C:\\Users\\lnc\\WebstormProjects\\untitled1\\src\\hoc\\withAuthRedirect.js","statementMap":{"0":{"start":{"line":5,"column":33},"end":{"line":7,"column":2}},"1":{"start":{"line":5,"column":45},"end":{"line":7,"column":1}},"2":{"start":{"line":9,"column":32},"end":{"line":19,"column":1}},"3":{"start":{"line":12,"column":12},"end":{"line":12,"column":47}},"4":{"start":{"line":16,"column":41},"end":{"line":16,"column":95}},"5":{"start":{"line":18,"column":4},"end":{"line":18,"column":42}}},"fnMap":{"0":{"name":"(anonymous_0)","decl":{"start":{"line":5,"column":33},"end":{"line":5,"column":34}},"loc":{"start":{"line":5,"column":45},"end":{"line":7,"column":1}},"line":5},"1":{"name":"(anonymous_1)","decl":{"start":{"line":9,"column":32},"end":{"line":9,"column":33}},"loc":{"start":{"line":9,"column":47},"end":{"line":19,"column":1}},"line":9},"2":{"name":"(anonymous_2)","decl":{"start":{"line":11,"column":8},"end":{"line":11,"column":9}},"loc":{"start":{"line":11,"column":17},"end":{"line":13,"column":9}},"line":11}},"branchMap":{},"s":{"0":0,"1":0,"2":0,"3":0,"4":0,"5":0},"f":{"0":0,"1":0,"2":0},"b":{}}
,"C:\\Users\\lnc\\WebstormProjects\\untitled1\\src\\redux\\app-reducer.js": {"path":"C:\\Users\\lnc\\WebstormProjects\\untitled1\\src\\redux\\app-reducer.js","statementMap":{"0":{"start":{"line":4,"column":28},"end":{"line":4,"column":49}},"1":{"start":{"line":7,"column":19},"end":{"line":9,"column":1}},"2":{"start":{"line":11,"column":19},"end":{"line":21,"column":1}},"3":{"start":{"line":13,"column":4},"end":{"line":19,"column":5}},"4":{"start":{"line":15,"column":12},"end":{"line":18,"column":13}},"5":{"start":{"line":20,"column":4},"end":{"line":20,"column":17}},"6":{"start":{"line":23,"column":34},"end":{"line":25,"column":2}},"7":{"start":{"line":23,"column":41},"end":{"line":25,"column":1}},"8":{"start":{"line":27,"column":29},"end":{"line":34,"column":1}},"9":{"start":{"line":27,"column":35},"end":{"line":34,"column":1}},"10":{"start":{"line":28,"column":18},"end":{"line":28,"column":45}},"11":{"start":{"line":30,"column":4},"end":{"line":32,"column":6}},"12":{"start":{"line":31,"column":8},"end":{"line":31,"column":39}}},"fnMap":{"0":{"name":"(anonymous_0)","decl":{"start":{"line":11,"column":19},"end":{"line":11,"column":20}},"loc":{"start":{"line":11,"column":53},"end":{"line":21,"column":1}},"line":11},"1":{"name":"(anonymous_1)","decl":{"start":{"line":23,"column":34},"end":{"line":23,"column":35}},"loc":{"start":{"line":23,"column":41},"end":{"line":25,"column":1}},"line":23},"2":{"name":"(anonymous_2)","decl":{"start":{"line":27,"column":29},"end":{"line":27,"column":30}},"loc":{"start":{"line":27,"column":35},"end":{"line":34,"column":1}},"line":27},"3":{"name":"(anonymous_3)","decl":{"start":{"line":27,"column":35},"end":{"line":27,"column":36}},"loc":{"start":{"line":27,"column":49},"end":{"line":34,"column":1}},"line":27},"4":{"name":"(anonymous_4)","decl":{"start":{"line":30,"column":17},"end":{"line":30,"column":18}},"loc":{"start":{"line":30,"column":23},"end":{"line":32,"column":5}},"line":30}},"branchMap":{"0":{"loc":{"start":{"line":11,"column":20},"end":{"line":11,"column":40}},"type":"default-arg","locations":[{"start":{"line":11,"column":28},"end":{"line":11,"column":40}}],"line":11},"1":{"loc":{"start":{"line":13,"column":4},"end":{"line":19,"column":5}},"type":"switch","locations":[{"start":{"line":14,"column":8},"end":{"line":18,"column":13}}],"line":13}},"s":{"0":0,"1":0,"2":0,"3":0,"4":0,"5":0,"6":0,"7":0,"8":0,"9":0,"10":0,"11":0,"12":0},"f":{"0":0,"1":0,"2":0,"3":0,"4":0},"b":{"0":[0],"1":[0]}}
,"C:\\Users\\lnc\\WebstormProjects\\untitled1\\src\\redux\\auth-reducer.js": {"path":"C:\\Users\\lnc\\WebstormProjects\\untitled1\\src\\redux\\auth-reducer.js","statementMap":{"0":{"start":{"line":4,"column":22},"end":{"line":4,"column":37}},"1":{"start":{"line":7,"column":19},"end":{"line":13,"column":1}},"2":{"start":{"line":15,"column":20},"end":{"line":25,"column":1}},"3":{"start":{"line":17,"column":4},"end":{"line":23,"column":5}},"4":{"start":{"line":19,"column":12},"end":{"line":22,"column":13}},"5":{"start":{"line":24,"column":4},"end":{"line":24,"column":17}},"6":{"start":{"line":27,"column":31},"end":{"line":30,"column":2}},"7":{"start":{"line":27,"column":62},"end":{"line":30,"column":1}},"8":{"start":{"line":32,"column":31},"end":{"line":39,"column":1}},"9":{"start":{"line":32,"column":37},"end":{"line":39,"column":1}},"10":{"start":{"line":33,"column":19},"end":{"line":33,"column":37}},"11":{"start":{"line":35,"column":4},"end":{"line":38,"column":5}},"12":{"start":{"line":36,"column":33},"end":{"line":36,"column":51}},"13":{"start":{"line":37,"column":8},"end":{"line":37,"column":58}},"14":{"start":{"line":41,"column":21},"end":{"line":47,"column":1}},"15":{"start":{"line":41,"column":54},"end":{"line":47,"column":1}},"16":{"start":{"line":42,"column":19},"end":{"line":42,"column":67}},"17":{"start":{"line":44,"column":4},"end":{"line":46,"column":5}},"18":{"start":{"line":45,"column":8},"end":{"line":45,"column":35}},"19":{"start":{"line":49,"column":22},"end":{"line":56,"column":1}},"20":{"start":{"line":49,"column":28},"end":{"line":56,"column":1}},"21":{"start":{"line":50,"column":4},"end":{"line":55,"column":11}},"22":{"start":{"line":52,"column":12},"end":{"line":54,"column":13}},"23":{"start":{"line":53,"column":16},"end":{"line":53,"column":67}}},"fnMap":{"0":{"name":"(anonymous_0)","decl":{"start":{"line":15,"column":20},"end":{"line":15,"column":21}},"loc":{"start":{"line":15,"column":54},"end":{"line":25,"column":1}},"line":15},"1":{"name":"(anonymous_1)","decl":{"start":{"line":27,"column":31},"end":{"line":27,"column":32}},"loc":{"start":{"line":27,"column":62},"end":{"line":30,"column":1}},"line":27},"2":{"name":"(anonymous_2)","decl":{"start":{"line":32,"column":31},"end":{"line":32,"column":32}},"loc":{"start":{"line":32,"column":37},"end":{"line":39,"column":1}},"line":32},"3":{"name":"(anonymous_3)","decl":{"start":{"line":32,"column":37},"end":{"line":32,"column":38}},"loc":{"start":{"line":32,"column":57},"end":{"line":39,"column":1}},"line":32},"4":{"name":"(anonymous_4)","decl":{"start":{"line":41,"column":21},"end":{"line":41,"column":22}},"loc":{"start":{"line":41,"column":54},"end":{"line":47,"column":1}},"line":41},"5":{"name":"(anonymous_5)","decl":{"start":{"line":41,"column":54},"end":{"line":41,"column":55}},"loc":{"start":{"line":41,"column":74},"end":{"line":47,"column":1}},"line":41},"6":{"name":"(anonymous_6)","decl":{"start":{"line":49,"column":22},"end":{"line":49,"column":23}},"loc":{"start":{"line":49,"column":28},"end":{"line":56,"column":1}},"line":49},"7":{"name":"(anonymous_7)","decl":{"start":{"line":49,"column":28},"end":{"line":49,"column":29}},"loc":{"start":{"line":49,"column":42},"end":{"line":56,"column":1}},"line":49},"8":{"name":"(anonymous_8)","decl":{"start":{"line":51,"column":14},"end":{"line":51,"column":15}},"loc":{"start":{"line":51,"column":26},"end":{"line":55,"column":9}},"line":51}},"branchMap":{"0":{"loc":{"start":{"line":15,"column":21},"end":{"line":15,"column":41}},"type":"default-arg","locations":[{"start":{"line":15,"column":29},"end":{"line":15,"column":41}}],"line":15},"1":{"loc":{"start":{"line":17,"column":4},"end":{"line":23,"column":5}},"type":"switch","locations":[{"start":{"line":18,"column":8},"end":{"line":22,"column":13}}],"line":17},"2":{"loc":{"start":{"line":35,"column":4},"end":{"line":38,"column":5}},"type":"if","locations":[{"start":{"line":35,"column":4},"end":{"line":38,"column":5}},{"start":{},"end":{}}],"line":35},"3":{"loc":{"start":{"line":44,"column":4},"end":{"line":46,"column":5}},"type":"if","locations":[{"start":{"line":44,"column":4},"end":{"line":46,"column":5}},{"start":{},"end":{}}],"line":44},"4":{"loc":{"start":{"line":52,"column":12},"end":{"line":54,"column":13}},"type":"if","locations":[{"start":{"line":52,"column":12},"end":{"line":54,"column":13}},{"start":{},"end":{}}],"line":52}},"s":{"0":0,"1":0,"2":0,"3":0,"4":0,"5":0,"6":0,"7":0,"8":0,"9":0,"10":0,"11":0,"12":0,"13":0,"14":0,"15":0,"16":0,"17":0,"18":0,"19":0,"20":0,"21":0,"22":0,"23":0},"f":{"0":0,"1":0,"2":0,"3":0,"4":0,"5":0,"6":0,"7":0,"8":0},"b":{"0":[0],"1":[0],"2":[0,0],"3":[0,0],"4":[0,0]}}
,"C:\\Users\\lnc\\WebstormProjects\\untitled1\\src\\redux\\car-reducer.js": {"path":"C:\\Users\\lnc\\WebstormProjects\\untitled1\\src\\redux\\car-reducer.js","statementMap":{"0":{"start":{"line":1,"column":17},"end":{"line":1,"column":27}},"1":{"start":{"line":3,"column":19},"end":{"line":7,"column":1}},"2":{"start":{"line":8,"column":19},"end":{"line":39,"column":1}},"3":{"start":{"line":30,"column":4},"end":{"line":37,"column":5}},"4":{"start":{"line":32,"column":12},"end":{"line":36,"column":13}},"5":{"start":{"line":38,"column":4},"end":{"line":38,"column":17}},"6":{"start":{"line":42,"column":33},"end":{"line":46,"column":1}},"7":{"start":{"line":43,"column":4},"end":{"line":45,"column":5}}},"fnMap":{"0":{"name":"(anonymous_0)","decl":{"start":{"line":8,"column":19},"end":{"line":8,"column":20}},"loc":{"start":{"line":8,"column":53},"end":{"line":39,"column":1}},"line":8},"1":{"name":"(anonymous_1)","decl":{"start":{"line":42,"column":33},"end":{"line":42,"column":34}},"loc":{"start":{"line":42,"column":49},"end":{"line":46,"column":1}},"line":42}},"branchMap":{"0":{"loc":{"start":{"line":8,"column":20},"end":{"line":8,"column":40}},"type":"default-arg","locations":[{"start":{"line":8,"column":28},"end":{"line":8,"column":40}}],"line":8},"1":{"loc":{"start":{"line":30,"column":4},"end":{"line":37,"column":5}},"type":"switch","locations":[{"start":{"line":31,"column":8},"end":{"line":36,"column":13}}],"line":30}},"s":{"0":0,"1":0,"2":0,"3":0,"4":0,"5":0,"6":0,"7":0},"f":{"0":0,"1":0},"b":{"0":[0],"1":[0]}}
,"C:\\Users\\lnc\\WebstormProjects\\untitled1\\src\\redux\\data-reduser.js": {"path":"C:\\Users\\lnc\\WebstormProjects\\untitled1\\src\\redux\\data-reduser.js","statementMap":{"0":{"start":{"line":3,"column":19},"end":{"line":17,"column":1}},"1":{"start":{"line":19,"column":20},"end":{"line":24,"column":1}},"2":{"start":{"line":23,"column":4},"end":{"line":23,"column":17}}},"fnMap":{"0":{"name":"(anonymous_0)","decl":{"start":{"line":19,"column":20},"end":{"line":19,"column":21}},"loc":{"start":{"line":19,"column":49},"end":{"line":24,"column":1}},"line":19}},"branchMap":{"0":{"loc":{"start":{"line":19,"column":24},"end":{"line":19,"column":43}},"type":"default-arg","locations":[{"start":{"line":19,"column":31},"end":{"line":19,"column":43}}],"line":19}},"s":{"0":0,"1":0,"2":0},"f":{"0":0},"b":{"0":[0]}}
,"C:\\Users\\lnc\\WebstormProjects\\untitled1\\src\\redux\\profile-reducer.js": {"path":"C:\\Users\\lnc\\WebstormProjects\\untitled1\\src\\redux\\profile-reducer.js","statementMap":{"0":{"start":{"line":3,"column":17},"end":{"line":3,"column":27}},"1":{"start":{"line":4,"column":25},"end":{"line":4,"column":43}},"2":{"start":{"line":5,"column":19},"end":{"line":5,"column":31}},"3":{"start":{"line":6,"column":20},"end":{"line":6,"column":33}},"4":{"start":{"line":8,"column":19},"end":{"line":15,"column":1}},"5":{"start":{"line":17,"column":23},"end":{"line":39,"column":1}},"6":{"start":{"line":19,"column":4},"end":{"line":37,"column":5}},"7":{"start":{"line":21,"column":12},"end":{"line":25,"column":13}},"8":{"start":{"line":28,"column":12},"end":{"line":31,"column":13}},"9":{"start":{"line":33,"column":12},"end":{"line":33,"column":54}},"10":{"start":{"line":36,"column":12},"end":{"line":36,"column":84}},"11":{"start":{"line":36,"column":61},"end":{"line":36,"column":82}},"12":{"start":{"line":38,"column":4},"end":{"line":38,"column":17}},"13":{"start":{"line":41,"column":36},"end":{"line":45,"column":1}},"14":{"start":{"line":42,"column":4},"end":{"line":44,"column":5}},"15":{"start":{"line":46,"column":31},"end":{"line":50,"column":1}},"16":{"start":{"line":47,"column":4},"end":{"line":49,"column":5}},"17":{"start":{"line":51,"column":25},"end":{"line":55,"column":1}},"18":{"start":{"line":52,"column":4},"end":{"line":54,"column":5}},"19":{"start":{"line":56,"column":26},"end":{"line":60,"column":1}},"20":{"start":{"line":57,"column":4},"end":{"line":59,"column":5}},"21":{"start":{"line":62,"column":31},"end":{"line":66,"column":1}},"22":{"start":{"line":62,"column":43},"end":{"line":66,"column":1}},"23":{"start":{"line":63,"column":4},"end":{"line":65,"column":7}},"24":{"start":{"line":64,"column":8},"end":{"line":64,"column":49}},"25":{"start":{"line":69,"column":25},"end":{"line":73,"column":1}},"26":{"start":{"line":69,"column":37},"end":{"line":73,"column":1}},"27":{"start":{"line":70,"column":4},"end":{"line":72,"column":7}},"28":{"start":{"line":71,"column":8},"end":{"line":71,"column":43}},"29":{"start":{"line":75,"column":28},"end":{"line":82,"column":1}},"30":{"start":{"line":75,"column":40},"end":{"line":82,"column":1}},"31":{"start":{"line":76,"column":4},"end":{"line":81,"column":11}},"32":{"start":{"line":78,"column":12},"end":{"line":80,"column":13}},"33":{"start":{"line":79,"column":16},"end":{"line":79,"column":44}}},"fnMap":{"0":{"name":"(anonymous_0)","decl":{"start":{"line":17,"column":23},"end":{"line":17,"column":24}},"loc":{"start":{"line":17,"column":57},"end":{"line":39,"column":1}},"line":17},"1":{"name":"(anonymous_1)","decl":{"start":{"line":36,"column":56},"end":{"line":36,"column":57}},"loc":{"start":{"line":36,"column":61},"end":{"line":36,"column":82}},"line":36},"2":{"name":"(anonymous_2)","decl":{"start":{"line":41,"column":36},"end":{"line":41,"column":37}},"loc":{"start":{"line":41,"column":53},"end":{"line":45,"column":1}},"line":41},"3":{"name":"(anonymous_3)","decl":{"start":{"line":46,"column":31},"end":{"line":46,"column":32}},"loc":{"start":{"line":46,"column":44},"end":{"line":50,"column":1}},"line":46},"4":{"name":"(anonymous_4)","decl":{"start":{"line":51,"column":25},"end":{"line":51,"column":26}},"loc":{"start":{"line":51,"column":37},"end":{"line":55,"column":1}},"line":51},"5":{"name":"(anonymous_5)","decl":{"start":{"line":56,"column":26},"end":{"line":56,"column":27}},"loc":{"start":{"line":56,"column":38},"end":{"line":60,"column":1}},"line":56},"6":{"name":"(anonymous_6)","decl":{"start":{"line":62,"column":31},"end":{"line":62,"column":32}},"loc":{"start":{"line":62,"column":43},"end":{"line":66,"column":1}},"line":62},"7":{"name":"(anonymous_7)","decl":{"start":{"line":62,"column":43},"end":{"line":62,"column":44}},"loc":{"start":{"line":62,"column":57},"end":{"line":66,"column":1}},"line":62},"8":{"name":"(anonymous_8)","decl":{"start":{"line":63,"column":36},"end":{"line":63,"column":37}},"loc":{"start":{"line":63,"column":48},"end":{"line":65,"column":5}},"line":63},"9":{"name":"(anonymous_9)","decl":{"start":{"line":69,"column":25},"end":{"line":69,"column":26}},"loc":{"start":{"line":69,"column":37},"end":{"line":73,"column":1}},"line":69},"10":{"name":"(anonymous_10)","decl":{"start":{"line":69,"column":37},"end":{"line":69,"column":38}},"loc":{"start":{"line":69,"column":51},"end":{"line":73,"column":1}},"line":69},"11":{"name":"(anonymous_11)","decl":{"start":{"line":70,"column":38},"end":{"line":70,"column":39}},"loc":{"start":{"line":70,"column":50},"end":{"line":72,"column":5}},"line":70},"12":{"name":"(anonymous_12)","decl":{"start":{"line":75,"column":28},"end":{"line":75,"column":29}},"loc":{"start":{"line":75,"column":40},"end":{"line":82,"column":1}},"line":75},"13":{"name":"(anonymous_13)","decl":{"start":{"line":75,"column":40},"end":{"line":75,"column":41}},"loc":{"start":{"line":75,"column":54},"end":{"line":82,"column":1}},"line":75},"14":{"name":"(anonymous_14)","decl":{"start":{"line":77,"column":14},"end":{"line":77,"column":15}},"loc":{"start":{"line":77,"column":26},"end":{"line":81,"column":9}},"line":77}},"branchMap":{"0":{"loc":{"start":{"line":17,"column":24},"end":{"line":17,"column":44}},"type":"default-arg","locations":[{"start":{"line":17,"column":32},"end":{"line":17,"column":44}}],"line":17},"1":{"loc":{"start":{"line":19,"column":4},"end":{"line":37,"column":5}},"type":"switch","locations":[{"start":{"line":20,"column":8},"end":{"line":25,"column":13}},{"start":{"line":27,"column":8},"end":{"line":31,"column":13}},{"start":{"line":32,"column":8},"end":{"line":33,"column":54}},{"start":{"line":35,"column":8},"end":{"line":36,"column":84}}],"line":19},"2":{"loc":{"start":{"line":78,"column":12},"end":{"line":80,"column":13}},"type":"if","locations":[{"start":{"line":78,"column":12},"end":{"line":80,"column":13}},{"start":{},"end":{}}],"line":78}},"s":{"0":1,"1":1,"2":1,"3":1,"4":1,"5":1,"6":1,"7":0,"8":0,"9":0,"10":1,"11":2,"12":0,"13":1,"14":0,"15":1,"16":0,"17":1,"18":0,"19":1,"20":1,"21":1,"22":0,"23":0,"24":0,"25":1,"26":0,"27":0,"28":0,"29":1,"30":0,"31":0,"32":0,"33":0},"f":{"0":1,"1":2,"2":0,"3":0,"4":0,"5":1,"6":0,"7":0,"8":0,"9":0,"10":0,"11":0,"12":0,"13":0,"14":0},"b":{"0":[0],"1":[0,0,0,1],"2":[0,0]},"_coverageSchema":"1a1c01bbd47fc00a2c39e90264f33305004495a9","hash":"13e91bb03d0490308eb517dc1d267afc348884d2"}
,"C:\\Users\\lnc\\WebstormProjects\\untitled1\\src\\redux\\redux-store.js": {"path":"C:\\Users\\lnc\\WebstormProjects\\untitled1\\src\\redux\\redux-store.js","statementMap":{"0":{"start":{"line":11,"column":15},"end":{"line":20,"column":2}},"1":{"start":{"line":22,"column":12},"end":{"line":22,"column":67}}},"fnMap":{},"branchMap":{},"s":{"0":0,"1":0},"f":{},"b":{}}
,"C:\\Users\\lnc\\WebstormProjects\\untitled1\\src\\redux\\store.js": {"path":"C:\\Users\\lnc\\WebstormProjects\\untitled1\\src\\redux\\store.js","statementMap":{"0":{"start":{"line":5,"column":12},"end":{"line":54,"column":1}},"1":{"start":{"line":35,"column":8},"end":{"line":35,"column":27}},"2":{"start":{"line":38,"column":8},"end":{"line":38,"column":39}},"3":{"start":{"line":42,"column":8},"end":{"line":42,"column":40}},"4":{"start":{"line":46,"column":8},"end":{"line":46,"column":58}},"5":{"start":{"line":47,"column":8},"end":{"line":47,"column":54}},"6":{"start":{"line":48,"column":8},"end":{"line":48,"column":55}},"7":{"start":{"line":51,"column":8},"end":{"line":51,"column":42}},"8":{"start":{"line":57,"column":0},"end":{"line":57,"column":21}}},"fnMap":{"0":{"name":"(anonymous_0)","decl":{"start":{"line":34,"column":4},"end":{"line":34,"column":5}},"loc":{"start":{"line":34,"column":15},"end":{"line":36,"column":5}},"line":34},"1":{"name":"(anonymous_1)","decl":{"start":{"line":37,"column":4},"end":{"line":37,"column":5}},"loc":{"start":{"line":37,"column":22},"end":{"line":39,"column":5}},"line":37},"2":{"name":"(anonymous_2)","decl":{"start":{"line":41,"column":4},"end":{"line":41,"column":5}},"loc":{"start":{"line":41,"column":24},"end":{"line":43,"column":5}},"line":41},"3":{"name":"(anonymous_3)","decl":{"start":{"line":44,"column":4},"end":{"line":44,"column":5}},"loc":{"start":{"line":44,"column":21},"end":{"line":53,"column":5}},"line":44}},"branchMap":{},"s":{"0":0,"1":0,"2":0,"3":0,"4":0,"5":0,"6":0,"7":0,"8":0},"f":{"0":0,"1":0,"2":0,"3":0},"b":{}}
,"C:\\Users\\lnc\\WebstormProjects\\untitled1\\src\\redux\\users-reducer.js": {"path":"C:\\Users\\lnc\\WebstormProjects\\untitled1\\src\\redux\\users-reducer.js","statementMap":{"0":{"start":{"line":3,"column":15},"end":{"line":3,"column":23}},"1":{"start":{"line":4,"column":17},"end":{"line":4,"column":27}},"2":{"start":{"line":5,"column":18},"end":{"line":5,"column":29}},"3":{"start":{"line":6,"column":25},"end":{"line":6,"column":43}},"4":{"start":{"line":7,"column":30},"end":{"line":7,"column":53}},"5":{"start":{"line":8,"column":27},"end":{"line":8,"column":47}},"6":{"start":{"line":9,"column":37},"end":{"line":9,"column":67}},"7":{"start":{"line":12,"column":19},"end":{"line":19,"column":1}},"8":{"start":{"line":21,"column":21},"end":{"line":67,"column":1}},"9":{"start":{"line":23,"column":4},"end":{"line":65,"column":5}},"10":{"start":{"line":25,"column":12},"end":{"line":33,"column":13}},"11":{"start":{"line":28,"column":20},"end":{"line":30,"column":21}},"12":{"start":{"line":29,"column":24},"end":{"line":29,"column":53}},"13":{"start":{"line":31,"column":20},"end":{"line":31,"column":29}},"14":{"start":{"line":36,"column":12},"end":{"line":44,"column":13}},"15":{"start":{"line":39,"column":20},"end":{"line":41,"column":21}},"16":{"start":{"line":40,"column":24},"end":{"line":40,"column":54}},"17":{"start":{"line":42,"column":20},"end":{"line":42,"column":29}},"18":{"start":{"line":46,"column":12},"end":{"line":46,"column":50}},"19":{"start":{"line":49,"column":12},"end":{"line":49,"column":62}},"20":{"start":{"line":52,"column":12},"end":{"line":52,"column":60}},"21":{"start":{"line":55,"column":12},"end":{"line":55,"column":60}},"22":{"start":{"line":58,"column":12},"end":{"line":63,"column":13}},"23":{"start":{"line":62,"column":61},"end":{"line":62,"column":80}},"24":{"start":{"line":66,"column":4},"end":{"line":66,"column":17}},"25":{"start":{"line":69,"column":29},"end":{"line":69,"column":65}},"26":{"start":{"line":69,"column":42},"end":{"line":69,"column":64}},"27":{"start":{"line":70,"column":31},"end":{"line":70,"column":69}},"28":{"start":{"line":70,"column":44},"end":{"line":70,"column":68}},"29":{"start":{"line":71,"column":24},"end":{"line":71,"column":61}},"30":{"start":{"line":71,"column":36},"end":{"line":71,"column":60}},"31":{"start":{"line":72,"column":30},"end":{"line":72,"column":86}},"32":{"start":{"line":72,"column":48},"end":{"line":72,"column":85}},"33":{"start":{"line":73,"column":34},"end":{"line":73,"column":110}},"34":{"start":{"line":73,"column":56},"end":{"line":73,"column":109}},"35":{"start":{"line":74,"column":32},"end":{"line":74,"column":88}},"36":{"start":{"line":74,"column":49},"end":{"line":74,"column":87}},"37":{"start":{"line":75,"column":39},"end":{"line":79,"column":2}},"38":{"start":{"line":75,"column":64},"end":{"line":79,"column":1}},"39":{"start":{"line":82,"column":24},"end":{"line":93,"column":1}},"40":{"start":{"line":83,"column":4},"end":{"line":92,"column":5}},"41":{"start":{"line":84,"column":8},"end":{"line":84,"column":41}},"42":{"start":{"line":85,"column":8},"end":{"line":85,"column":39}},"43":{"start":{"line":87,"column":19},"end":{"line":87,"column":57}},"44":{"start":{"line":89,"column":8},"end":{"line":89,"column":42}},"45":{"start":{"line":90,"column":8},"end":{"line":90,"column":39}},"46":{"start":{"line":91,"column":8},"end":{"line":91,"column":54}},"47":{"start":{"line":94,"column":22},"end":{"line":104,"column":1}},"48":{"start":{"line":95,"column":4},"end":{"line":103,"column":5}},"49":{"start":{"line":96,"column":8},"end":{"line":96,"column":56}},"50":{"start":{"line":97,"column":23},"end":{"line":97,"column":51}},"51":{"start":{"line":99,"column":8},"end":{"line":101,"column":9}},"52":{"start":{"line":100,"column":12},"end":{"line":100,"column":44}},"53":{"start":{"line":102,"column":8},"end":{"line":102,"column":57}},"54":{"start":{"line":105,"column":24},"end":{"line":115,"column":1}},"55":{"start":{"line":106,"column":4},"end":{"line":114,"column":5}},"56":{"start":{"line":107,"column":8},"end":{"line":107,"column":56}},"57":{"start":{"line":108,"column":23},"end":{"line":108,"column":53}},"58":{"start":{"line":110,"column":8},"end":{"line":112,"column":9}},"59":{"start":{"line":111,"column":12},"end":{"line":111,"column":46}},"60":{"start":{"line":113,"column":8},"end":{"line":113,"column":57}}},"fnMap":{"0":{"name":"(anonymous_0)","decl":{"start":{"line":21,"column":21},"end":{"line":21,"column":22}},"loc":{"start":{"line":21,"column":55},"end":{"line":67,"column":1}},"line":21},"1":{"name":"(anonymous_1)","decl":{"start":{"line":27,"column":39},"end":{"line":27,"column":40}},"loc":{"start":{"line":27,"column":44},"end":{"line":32,"column":17}},"line":27},"2":{"name":"(anonymous_2)","decl":{"start":{"line":38,"column":39},"end":{"line":38,"column":40}},"loc":{"start":{"line":38,"column":44},"end":{"line":43,"column":17}},"line":38},"3":{"name":"(anonymous_3)","decl":{"start":{"line":62,"column":55},"end":{"line":62,"column":56}},"loc":{"start":{"line":62,"column":61},"end":{"line":62,"column":80}},"line":62},"4":{"name":"(anonymous_4)","decl":{"start":{"line":69,"column":29},"end":{"line":69,"column":30}},"loc":{"start":{"line":69,"column":42},"end":{"line":69,"column":64}},"line":69},"5":{"name":"(anonymous_5)","decl":{"start":{"line":70,"column":31},"end":{"line":70,"column":32}},"loc":{"start":{"line":70,"column":44},"end":{"line":70,"column":68}},"line":70},"6":{"name":"(anonymous_6)","decl":{"start":{"line":71,"column":24},"end":{"line":71,"column":25}},"loc":{"start":{"line":71,"column":36},"end":{"line":71,"column":60}},"line":71},"7":{"name":"(anonymous_7)","decl":{"start":{"line":72,"column":30},"end":{"line":72,"column":31}},"loc":{"start":{"line":72,"column":48},"end":{"line":72,"column":85}},"line":72},"8":{"name":"(anonymous_8)","decl":{"start":{"line":73,"column":34},"end":{"line":73,"column":35}},"loc":{"start":{"line":73,"column":56},"end":{"line":73,"column":109}},"line":73},"9":{"name":"(anonymous_9)","decl":{"start":{"line":74,"column":32},"end":{"line":74,"column":33}},"loc":{"start":{"line":74,"column":49},"end":{"line":74,"column":87}},"line":74},"10":{"name":"(anonymous_10)","decl":{"start":{"line":75,"column":39},"end":{"line":75,"column":40}},"loc":{"start":{"line":75,"column":64},"end":{"line":79,"column":1}},"line":75},"11":{"name":"(anonymous_11)","decl":{"start":{"line":82,"column":24},"end":{"line":82,"column":25}},"loc":{"start":{"line":82,"column":44},"end":{"line":93,"column":1}},"line":82},"12":{"name":"(anonymous_12)","decl":{"start":{"line":83,"column":11},"end":{"line":83,"column":12}},"loc":{"start":{"line":83,"column":31},"end":{"line":92,"column":5}},"line":83},"13":{"name":"(anonymous_13)","decl":{"start":{"line":94,"column":22},"end":{"line":94,"column":23}},"loc":{"start":{"line":94,"column":34},"end":{"line":104,"column":1}},"line":94},"14":{"name":"(anonymous_14)","decl":{"start":{"line":95,"column":11},"end":{"line":95,"column":12}},"loc":{"start":{"line":95,"column":31},"end":{"line":103,"column":5}},"line":95},"15":{"name":"(anonymous_15)","decl":{"start":{"line":105,"column":24},"end":{"line":105,"column":25}},"loc":{"start":{"line":105,"column":36},"end":{"line":115,"column":1}},"line":105},"16":{"name":"(anonymous_16)","decl":{"start":{"line":106,"column":11},"end":{"line":106,"column":12}},"loc":{"start":{"line":106,"column":31},"end":{"line":114,"column":5}},"line":106}},"branchMap":{"0":{"loc":{"start":{"line":21,"column":22},"end":{"line":21,"column":42}},"type":"default-arg","locations":[{"start":{"line":21,"column":30},"end":{"line":21,"column":42}}],"line":21},"1":{"loc":{"start":{"line":23,"column":4},"end":{"line":65,"column":5}},"type":"switch","locations":[{"start":{"line":24,"column":8},"end":{"line":33,"column":13}},{"start":{"line":35,"column":8},"end":{"line":44,"column":13}},{"start":{"line":45,"column":8},"end":{"line":47,"column":9}},{"start":{"line":48,"column":8},"end":{"line":50,"column":9}},{"start":{"line":51,"column":8},"end":{"line":53,"column":9}},{"start":{"line":54,"column":8},"end":{"line":56,"column":9}},{"start":{"line":57,"column":8},"end":{"line":64,"column":9}}],"line":23},"2":{"loc":{"start":{"line":28,"column":20},"end":{"line":30,"column":21}},"type":"if","locations":[{"start":{"line":28,"column":20},"end":{"line":30,"column":21}},{"start":{},"end":{}}],"line":28},"3":{"loc":{"start":{"line":39,"column":20},"end":{"line":41,"column":21}},"type":"if","locations":[{"start":{"line":39,"column":20},"end":{"line":41,"column":21}},{"start":{},"end":{}}],"line":39},"4":{"loc":{"start":{"line":60,"column":37},"end":{"line":62,"column":81}},"type":"cond-expr","locations":[{"start":{"line":61,"column":22},"end":{"line":61,"column":67}},{"start":{"line":62,"column":22},"end":{"line":62,"column":81}}],"line":60},"5":{"loc":{"start":{"line":99,"column":8},"end":{"line":101,"column":9}},"type":"if","locations":[{"start":{"line":99,"column":8},"end":{"line":101,"column":9}},{"start":{},"end":{}}],"line":99},"6":{"loc":{"start":{"line":110,"column":8},"end":{"line":112,"column":9}},"type":"if","locations":[{"start":{"line":110,"column":8},"end":{"line":112,"column":9}},{"start":{},"end":{}}],"line":110}},"s":{"0":0,"1":0,"2":0,"3":0,"4":0,"5":0,"6":0,"7":0,"8":0,"9":0,"10":0,"11":0,"12":0,"13":0,"14":0,"15":0,"16":0,"17":0,"18":0,"19":0,"20":0,"21":0,"22":0,"23":0,"24":0,"25":0,"26":0,"27":0,"28":0,"29":0,"30":0,"31":0,"32":0,"33":0,"34":0,"35":0,"36":0,"37":0,"38":0,"39":0,"40":0,"41":0,"42":0,"43":0,"44":0,"45":0,"46":0,"47":0,"48":0,"49":0,"50":0,"51":0,"52":0,"53":0,"54":0,"55":0,"56":0,"57":0,"58":0,"59":0,"60":0},"f":{"0":0,"1":0,"2":0,"3":0,"4":0,"5":0,"6":0,"7":0,"8":0,"9":0,"10":0,"11":0,"12":0,"13":0,"14":0,"15":0,"16":0},"b":{"0":[0],"1":[0,0,0,0,0,0,0],"2":[0,0],"3":[0,0],"4":[0,0],"5":[0,0],"6":[0,0]}}
,"C:\\Users\\lnc\\WebstormProjects\\untitled1\\src\\redux\\users-selector.js": {"path":"C:\\Users\\lnc\\WebstormProjects\\untitled1\\src\\redux\\users-selector.js","statementMap":{"0":{"start":{"line":5,"column":28},"end":{"line":7,"column":2}},"1":{"start":{"line":6,"column":5},"end":{"line":6,"column":37}},"2":{"start":{"line":8,"column":35},"end":{"line":10,"column":2}},"3":{"start":{"line":9,"column":5},"end":{"line":9,"column":44}},"4":{"start":{"line":11,"column":31},"end":{"line":13,"column":2}},"5":{"start":{"line":12,"column":5},"end":{"line":12,"column":40}},"6":{"start":{"line":14,"column":30},"end":{"line":16,"column":2}},"7":{"start":{"line":15,"column":5},"end":{"line":15,"column":39}},"8":{"start":{"line":17,"column":39},"end":{"line":19,"column":2}},"9":{"start":{"line":18,"column":5},"end":{"line":18,"column":48}}},"fnMap":{"0":{"name":"(anonymous_0)","decl":{"start":{"line":5,"column":28},"end":{"line":5,"column":29}},"loc":{"start":{"line":5,"column":39},"end":{"line":7,"column":2}},"line":5},"1":{"name":"(anonymous_1)","decl":{"start":{"line":8,"column":35},"end":{"line":8,"column":36}},"loc":{"start":{"line":8,"column":46},"end":{"line":10,"column":2}},"line":8},"2":{"name":"(anonymous_2)","decl":{"start":{"line":11,"column":31},"end":{"line":11,"column":32}},"loc":{"start":{"line":11,"column":42},"end":{"line":13,"column":2}},"line":11},"3":{"name":"(anonymous_3)","decl":{"start":{"line":14,"column":30},"end":{"line":14,"column":31}},"loc":{"start":{"line":14,"column":41},"end":{"line":16,"column":2}},"line":14},"4":{"name":"(anonymous_4)","decl":{"start":{"line":17,"column":39},"end":{"line":17,"column":40}},"loc":{"start":{"line":17,"column":50},"end":{"line":19,"column":2}},"line":17}},"branchMap":{},"s":{"0":0,"1":0,"2":0,"3":0,"4":0,"5":0,"6":0,"7":0,"8":0,"9":0},"f":{"0":0,"1":0,"2":0,"3":0,"4":0},"b":{}}
,"C:\\Users\\lnc\\WebstormProjects\\untitled1\\src\\utils\\validators\\validators.js": {"path":"C:\\Users\\lnc\\WebstormProjects\\untitled1\\src\\utils\\validators\\validators.js","statementMap":{"0":{"start":{"line":1,"column":24},"end":{"line":5,"column":1}},"1":{"start":{"line":2,"column":4},"end":{"line":2,"column":32}},"2":{"start":{"line":2,"column":15},"end":{"line":2,"column":32}},"3":{"start":{"line":4,"column":4},"end":{"line":4,"column":31}},"4":{"start":{"line":7,"column":32},"end":{"line":10,"column":1}},"5":{"start":{"line":7,"column":47},"end":{"line":10,"column":1}},"6":{"start":{"line":8,"column":4},"end":{"line":8,"column":79}},"7":{"start":{"line":8,"column":35},"end":{"line":8,"column":79}},"8":{"start":{"line":9,"column":4},"end":{"line":9,"column":21}}},"fnMap":{"0":{"name":"(anonymous_0)","decl":{"start":{"line":1,"column":24},"end":{"line":1,"column":25}},"loc":{"start":{"line":1,"column":35},"end":{"line":5,"column":1}},"line":1},"1":{"name":"(anonymous_1)","decl":{"start":{"line":7,"column":32},"end":{"line":7,"column":33}},"loc":{"start":{"line":7,"column":47},"end":{"line":10,"column":1}},"line":7},"2":{"name":"(anonymous_2)","decl":{"start":{"line":7,"column":47},"end":{"line":7,"column":48}},"loc":{"start":{"line":7,"column":58},"end":{"line":10,"column":1}},"line":7}},"branchMap":{"0":{"loc":{"start":{"line":2,"column":4},"end":{"line":2,"column":32}},"type":"if","locations":[{"start":{"line":2,"column":4},"end":{"line":2,"column":32}},{"start":{},"end":{}}],"line":2},"1":{"loc":{"start":{"line":8,"column":4},"end":{"line":8,"column":79}},"type":"if","locations":[{"start":{"line":8,"column":4},"end":{"line":8,"column":79}},{"start":{},"end":{}}],"line":8}},"s":{"0":0,"1":0,"2":0,"3":0,"4":0,"5":0,"6":0,"7":0,"8":0},"f":{"0":0,"1":0,"2":0},"b":{"0":[0,0],"1":[0,0]}}
}
